<?xml version="1.0" encoding="UTF-8"?>
<!-- Generated by org.testng.reporters.JUnitReportReporter -->
<testsuite hostname="IN-PG02NM6E" failures="0" tests="1" name="Flipkart.Flipkart.Test_9Front" time="44.701" errors="0" timestamp="2023-01-07T16:34:12 IST" skipped="0">
  <testcase classname="Flipkart.Flipkart.Test_9Front" name="fhit" time="44.701"/>
  <system-out/>
</testsuite> <!-- Flipkart.Flipkart.Test_9Front -->
