<?xml version="1.0" encoding="UTF-8"?>
<!-- Generated by org.testng.reporters.JUnitReportReporter -->
<testsuite hostname="IN-PG02NM6E" failures="0" tests="1" name="Flipkart.Flipkart.Test_7Mobile" time="4.079" errors="0" timestamp="2023-01-08T22:12:24 IST" skipped="0">
  <testcase classname="Flipkart.Flipkart.Test_7Mobile" name="mob" time="4.079"/>
  <system-out/>
</testsuite> <!-- Flipkart.Flipkart.Test_7Mobile -->
