<?xml version="1.0" encoding="UTF-8"?>
<!-- Generated by org.testng.reporters.JUnitReportReporter -->
<testsuite hostname="IN-PG02NM6E" failures="0" tests="2" name="Flipkart.Flipkart.Test_1VerifyTitle" time="2.360" errors="0" timestamp="2023-01-08T22:12:24 IST" skipped="0">
  <testcase classname="Flipkart.Flipkart.Test_1VerifyTitle" name="verifyTitle" time="1.121"/>
  <system-out/>
  <testcase classname="Flipkart.Flipkart.Test_1VerifyTitle" name="verifyLogo" time="1.239"/>
  <system-out/>
</testsuite> <!-- Flipkart.Flipkart.Test_1VerifyTitle -->
