<?xml version="1.0" encoding="UTF-8"?>
<!-- Generated by org.testng.reporters.JUnitReportReporter -->
<testsuite hostname="IN-PG02NM6E" failures="0" tests="4" name="Flipkart.Flipkart.Test_AllTestCases" time="17.047" errors="0" timestamp="2023-01-08T22:12:24 IST" skipped="0">
  <testcase classname="Flipkart.Flipkart.Test_AllTestCases" name="first" time="5.265"/>
  <system-out/>
  <testcase classname="Flipkart.Flipkart.Test_AllTestCases" name="second" time="2.909"/>
  <system-out/>
  <testcase classname="Flipkart.Flipkart.Test_AllTestCases" name="Third" time="6.157"/>
  <system-out/>
  <testcase classname="Flipkart.Flipkart.Test_AllTestCases" name="fifth" time="2.716"/>
  <system-out/>
</testsuite> <!-- Flipkart.Flipkart.Test_AllTestCases -->
