<?xml version="1.0" encoding="UTF-8"?>
<!-- Generated by org.testng.reporters.JUnitReportReporter -->
<testsuite hostname="IN-PG02NM6E" failures="0" tests="1" name="Flipkart.Flipkart.Text_8LeftRight" time="148.770" errors="0" timestamp="2023-01-05T15:53:09 IST" skipped="0">
  <testcase classname="Flipkart.Flipkart.Text_8LeftRight" name="LRB" time="148.770"/>
  <system-out/>
</testsuite> <!-- Flipkart.Flipkart.Text_8LeftRight -->
