<?xml version="1.0" encoding="UTF-8"?>
<!-- Generated by org.testng.reporters.JUnitReportReporter -->
<testsuite hostname="IN-PG02NM6E" failures="0" tests="1" name="Flipkart.Flipkart.Test_2verifyLogo" time="44.240" errors="0" timestamp="2023-01-03T18:17:58 IST" skipped="0">
  <testcase classname="Flipkart.Flipkart.Test_2verifyLogo" name="verifyLogo" time="44.240"/>
  <system-out/>
</testsuite> <!-- Flipkart.Flipkart.Test_2verifyLogo -->
