<?xml version="1.0" encoding="UTF-8"?>
<!-- Generated by org.testng.reporters.JUnitReportReporter -->
<testsuite hostname="IN-PG02NM6E" failures="0" tests="1" name="Flipkart.Flipkart.HomeTest" time="38.362" errors="0" timestamp="2023-01-03T18:33:22 IST" skipped="0">
  <testcase classname="Flipkart.Flipkart.HomeTest" name="Xyz" time="38.362"/>
  <system-out/>
</testsuite> <!-- Flipkart.Flipkart.HomeTest -->
