<?xml version="1.0" encoding="UTF-8"?>
<!-- Generated by org.testng.reporters.JUnitReportReporter -->
<testsuite hostname="IN-PG02NM6E" failures="0" tests="1" name="Flipkart.Flipkart.Test_3Searchitem" time="53.425" errors="0" timestamp="2023-01-09T16:32:42 IST" skipped="0">
  <testcase classname="Flipkart.Flipkart.Test_3Searchitem" name="yzx" time="53.425"/>
  <system-out/>
</testsuite> <!-- Flipkart.Flipkart.Test_3Searchitem -->
