<?xml version="1.0" encoding="UTF-8"?>
<!-- Generated by org.testng.reporters.JUnitReportReporter -->
<testsuite hostname="IN-PG02NM6E" failures="0" tests="6" name="Flipkart.Flipkart.TestHeader" time="58.604" errors="0" timestamp="2023-01-09T16:32:42 IST" skipped="0">
  <testcase classname="Flipkart.Flipkart.TestHeader" name="HeaderTest" time="5.565"/>
  <system-out/>
  <testcase classname="Flipkart.Flipkart.TestHeader" name="electronic" time="13.535"/>
  <system-out/>
  <testcase classname="Flipkart.Flipkart.TestHeader" name="beauty" time="5.528"/>
  <system-out/>
  <testcase classname="Flipkart.Flipkart.TestHeader" name="offer" time="9.846"/>
  <system-out/>
  <testcase classname="Flipkart.Flipkart.TestHeader" name="BecameSeller" time="18.085"/>
  <system-out/>
  <testcase classname="Flipkart.Flipkart.TestHeader" name="TwoWhellers" time="6.045"/>
  <system-out/>
</testsuite> <!-- Flipkart.Flipkart.TestHeader -->
