<?xml version="1.0" encoding="UTF-8"?>
<!-- Generated by org.testng.reporters.JUnitReportReporter -->
<testsuite hostname="IN-PG02NM6E" failures="0" tests="1" name="Flipkart.Flipkart.Rest_TestCases" time="52.821" errors="0" timestamp="2023-01-07T20:11:09 IST" skipped="0">
  <testcase classname="Flipkart.Flipkart.Rest_TestCases" name="faqcase" time="52.821"/>
  <system-out/>
</testsuite> <!-- Flipkart.Flipkart.Rest_TestCases -->
