<?xml version="1.0" encoding="UTF-8"?>
<!-- Generated by org.testng.reporters.JUnitReportReporter -->
<testsuite hostname="IN-PG02NM6E" failures="0" tests="4" name="Flipkart.Flipkart.Test_AllTestCases" time="19.900" errors="0" timestamp="2023-01-09T16:32:42 IST" skipped="0">
  <testcase classname="Flipkart.Flipkart.Test_AllTestCases" name="first" time="7.076"/>
  <system-out/>
  <testcase classname="Flipkart.Flipkart.Test_AllTestCases" name="second" time="2.890"/>
  <system-out/>
  <testcase classname="Flipkart.Flipkart.Test_AllTestCases" name="Third" time="6.191"/>
  <system-out/>
  <testcase classname="Flipkart.Flipkart.Test_AllTestCases" name="fifth" time="3.743"/>
  <system-out/>
</testsuite> <!-- Flipkart.Flipkart.Test_AllTestCases -->
