<?xml version="1.0" encoding="UTF-8"?>
<!-- Generated by org.testng.reporters.JUnitReportReporter -->
<testsuite hostname="IN-PG02NM6E" failures="0" tests="1" name="Flipkart.Flipkart.Testt" time="43.994" errors="0" timestamp="2022-12-30T12:39:30 IST" skipped="0">
  <testcase classname="Flipkart.Flipkart.Testt" name="FindTitle" time="43.994"/>
  <system-out/>
</testsuite> <!-- Flipkart.Flipkart.Testt -->
